C51 COMPILER V9.52.0.0   INTERRUPT                                                         05/15/2020 20:24:06 PAGE 1   


C51 COMPILER V9.52.0.0, COMPILATION OF MODULE INTERRUPT
OBJECT MODULE PLACED IN .\keilOut\interrupt.obj
COMPILER INVOKED BY: C:\Program Files\Keil\C51\BIN\C51.EXE src\interrupt.c OMF2 ROM(SMALL) OPTIMIZE(8,SPEED) BROWSE INCD
                    -IR(.\dependence;.\src) DEBUG PRINT(.\Listings\interrupt.lst) OBJECT(.\keilOut\interrupt.obj)

line level    source

   1          #include "8051.H"
   2          
   3          
   4          void TIM_0_init(void)
   5          {
   6   1          TMOD = TMOD | 0x02;     // 定时器0选择方式2工作
   7   1          TH0 = 0xD2;             // 25us 的自动重装定时器
   8   1          TL0 = 0xD2;            
   9   1          ET0 = 1;                // 打开 T0 中断
  10   1          PT0 = 1;                // 设置高优先级
  11   1          TR0 = 1;                // T0启动
  12   1          EA = 1;                 // 打开总中断
  13   1      }
  14          
  15          void TIM_1_init()
  16          {
  17   1          TMOD = TMOD | 0x20;     // 定时器1选择方式2工作
  18   1          TH1 = 0xFD;             // 波特率产生
  19   1          TL1 = 0xFD;            
  20   1          TR1 = 1;                // T0启动
  21   1      }
  22          
  23          void EX0_init()
  24          {
  25   1          IT0 = 1;    // 下降沿触发
  26   1          PX0 = 0;    // 高优先级
  27   1          EX0 = 1;    // 单个中断允许
  28   1          EA = 1;     // 总中断运行
  29   1      }
  30          
  31          void EX1_init()
  32          {
  33   1          IT1 = 1;    // 下降沿触发
  34   1          PX1 = 0;    // 高优先级
  35   1          EX1 = 1;    // 单个中断允许
  36   1          EA = 1;     // 总中断运行
  37   1      }


MODULE INFORMATION:   STATIC OVERLAYABLE
   CODE SIZE        =     48    ----
   CONSTANT SIZE    =   ----    ----
   XDATA SIZE       =   ----    ----
   PDATA SIZE       =   ----    ----
   DATA SIZE        =   ----    ----
   IDATA SIZE       =   ----    ----
   BIT SIZE         =   ----    ----
   EDATA SIZE       =   ----    ----
   HDATA SIZE       =   ----    ----
   XDATA CONST SIZE =   ----    ----
   FAR CONST SIZE   =   ----    ----
END OF MODULE INFORMATION.


C51 COMPILATION COMPLETE.  0 WARNING(S),  0 ERROR(S)
