C51 COMPILER V9.52.0.0   MAIN                                                              05/15/2020 20:24:06 PAGE 1   


C51 COMPILER V9.52.0.0, COMPILATION OF MODULE MAIN
OBJECT MODULE PLACED IN .\keilOut\main.obj
COMPILER INVOKED BY: C:\Program Files\Keil\C51\BIN\C51.EXE src\main.c OMF2 ROM(SMALL) OPTIMIZE(8,SPEED) BROWSE INCDIR(.\
                    -dependence;.\src) DEBUG PRINT(.\Listings\main.lst) OBJECT(.\keilOut\main.obj)

line level    source

   1          #include "8051.h"
   2          #include "interrupt_func.h"
   3          #include "UART_func.h"
   4          #include "LED_func.h"
   5          
   6          unsigned int time = 0;              // 延时常数
   7          unsigned int tmp = 0;
   8          unsigned int T = 0;                 // 正弦波的周期
   9                                              // 换算关系：T = 2.5 * time
  10          
  11          
  12          // 延时25us，提供LED显示间隔
  13          void delay25us(void)
  14          {  
  15   1          unsigned char a;
  16   1          for(a=11;a>0;a--);
  17   1      }
  18          
  19          
  20          // 初始化函数
  21          void init()
  22          {
  23   1          UART_init();
  24   1          TIM_0_init();
  25   1          EX0_init();
  26   1          EX1_init();
  27   1      }
  28          
  29          
  30          void main()
  31          {
  32   1          init();
  33   1          time = 400;
  34   1      
  35   1          while(1)
  36   1          {
  37   2              // 更新数据
  38   2              if((IE0==1)&&(IE1==0))
  39   2              {
  40   3                  time = time + 20;
  41   3              }
  42   2              if((IE0==0)&&(IE1==1))
  43   2              {
  44   3                  time = 40;
  45   3              }
  46   2              if((IE0==0)&&(IE1==1))
  47   2              {
  48   3                  time = time - 2;
  49   3              }
  50   2      
  51   2              tmp = time/2;
  52   2              T = (unsigned int)(5*tmp);                   // 更新周期T
  53   2      
  54   2              // 串口发送
C51 COMPILER V9.52.0.0   MAIN                                                              05/15/2020 20:24:06 PAGE 2   

  55   2              UART_send_data((unsigned char)(T>>8));          // 串口发送高八位
  56   2              UART_send_data((unsigned char)(T&0x00ff));      // 串口发送低八位
  57   2              
  58   2              // LED发送
  59   2              if (time==400)                                  // 周期T=1s
  60   2              {
  61   3                  LED_show(1,1);
  62   3                  LED_show(1,1);                              // 第一位LED显示字符'1'   
  63   3              }
  64   2              else
  65   2              {
  66   3                  LED_show(1,10);                             // 第一位LED显示字符'0.'
  67   3                  delay25us();
  68   3                  LED_show(2,(T/100));
  69   3                  delay25us();
  70   3                  LED_show(3,((T%100)/10));
  71   3                  delay25us();
  72   3                  LED_show(4,(T%10));
  73   3                  delay25us();
  74   3              }
  75   2              delay25us();
  76   2              LED_show(6,11);                             // 第一位LED显示字符'S'
  77   2              
  78   2      
  79   2          }
  80   1      }


MODULE INFORMATION:   STATIC OVERLAYABLE
   CODE SIZE        =    209    ----
   CONSTANT SIZE    =   ----    ----
   XDATA SIZE       =   ----    ----
   PDATA SIZE       =   ----    ----
   DATA SIZE        =      6    ----
   IDATA SIZE       =   ----    ----
   BIT SIZE         =   ----    ----
   EDATA SIZE       =   ----    ----
   HDATA SIZE       =   ----    ----
   XDATA CONST SIZE =   ----    ----
   FAR CONST SIZE   =   ----    ----
END OF MODULE INFORMATION.


C51 COMPILATION COMPLETE.  0 WARNING(S),  0 ERROR(S)
