C51 COMPILER V9.52.0.0   SINGLE_KEY                                                        05/15/2020 17:53:10 PAGE 1   


C51 COMPILER V9.52.0.0, COMPILATION OF MODULE SINGLE_KEY
OBJECT MODULE PLACED IN .\keilOut\single_key.obj
COMPILER INVOKED BY: C:\Program Files\Keil\C51\BIN\C51.EXE src\single_key.c OMF2 ROM(SMALL) OPTIMIZE(8,SPEED) BROWSE INC
                    -DIR(.\dependence;.\src) DEBUG PRINT(.\Listings\single_key.lst) OBJECT(.\keilOut\single_key.obj)

line level    source

   1          #include "8051.h"
   2          void delay(void)   //Îó²î 0us
   3          {
   4   1          unsigned char a;
   5   1          for(a=11;a>0;a--);
   6   1      }
   7          
   8          bit single_key_is_press(void)
   9          {
  10   1          bit is_press = 0;
  11   1          bit flag = 0;
  12   1          if (P20 == 0)
  13   1              flag = 1;
  14   1          if (P20 == 1 && flag == 1)
  15   1              is_press = 1;
  16   1          return is_press;
  17   1      }


MODULE INFORMATION:   STATIC OVERLAYABLE
   CODE SIZE        =     25    ----
   CONSTANT SIZE    =   ----    ----
   XDATA SIZE       =   ----    ----
   PDATA SIZE       =   ----    ----
   DATA SIZE        =   ----    ----
   IDATA SIZE       =   ----    ----
   BIT SIZE         =   ----       2
   EDATA SIZE       =   ----    ----
   HDATA SIZE       =   ----    ----
   XDATA CONST SIZE =   ----    ----
   FAR CONST SIZE   =   ----    ----
END OF MODULE INFORMATION.


C51 COMPILATION COMPLETE.  0 WARNING(S),  0 ERROR(S)
