C51 COMPILER V9.52.0.0   TASKS                                                             05/15/2020 20:24:06 PAGE 1   


C51 COMPILER V9.52.0.0, COMPILATION OF MODULE TASKS
OBJECT MODULE PLACED IN .\keilOut\tasks.obj
COMPILER INVOKED BY: C:\Program Files\Keil\C51\BIN\C51.EXE src\tasks.c OMF2 ROM(SMALL) OPTIMIZE(8,SPEED) BROWSE INCDIR(.
                    -\dependence;.\src) DEBUG PRINT(.\Listings\tasks.lst) OBJECT(.\keilOut\tasks.obj)

line level    source

   1          #include "8051.h"
   2          #include "interrupt_func.h"
   3          
   4          unsigned int i = 0;
   5          uchar j = 0;
   6          extern unsigned int time;
   7          uchar code sin_wave[] = {0x80,0x88,0x90,0x98,0xA0,0xA7,0xAF,0xB6,0xBD,0xC4,0xCB,0xD1,0xD7,0xDD,0xE2,0xE7,0
             -xEC,0xF0,0xF3,0xF7,0xF9,0xFB,0xFD,0xFE,0xFF,0xFF,0xFF,0xFE,0xFC,0xFA,0xF8,0xF5,0xF2,0xEE,0xEA,0xE5,0xE0,0xDA,0xD5,0xCE,0
             -xC8,0xC1,0xBA,0xB3,0xAB,0xA3,0x9C,0x94,0x8C,0x84,0x7B,0x73,0x6B,0x63,0x5C,0x54,0x4C,0x45,0x3E,0x37,0x31,0x2A,0x25,0x1F,0
             -x1A,0x15,0x11,0x0D,0x0A,0x07,0x05,0x03,0x01,0x00,0x00,0x00,0x01,0x02,0x04,0x06,0x08,0x0C,0x0F,0x13,0x18,0x1D,0x22,0x28,0
             -x2E,0x34,0x3B,0x42,0x49,0x50,0x58,0x5F,0x67,0x6F,0x77,0x7F};
   8          void TIM0_50us() interrupt(TIM0_VECTOR)        
   9          {
  10   1          i++;
  11   1          if(i>=time)
  12   1          {
  13   2              i = 0;
  14   2              P0 = sin_wave[j];
  15   2              j++;
  16   2              if(j==100)
  17   2                  j = 0;
  18   2          }
  19   1          // max038
  20   1      }
  21          


MODULE INFORMATION:   STATIC OVERLAYABLE
   CODE SIZE        =     60    ----
   CONSTANT SIZE    =    100    ----
   XDATA SIZE       =   ----    ----
   PDATA SIZE       =   ----    ----
   DATA SIZE        =      3    ----
   IDATA SIZE       =   ----    ----
   BIT SIZE         =   ----    ----
   EDATA SIZE       =   ----    ----
   HDATA SIZE       =   ----    ----
   XDATA CONST SIZE =   ----    ----
   FAR CONST SIZE   =   ----    ----
END OF MODULE INFORMATION.


C51 COMPILATION COMPLETE.  0 WARNING(S),  0 ERROR(S)
