C51 COMPILER V9.52.0.0   UART                                                              05/15/2020 20:24:06 PAGE 1   


C51 COMPILER V9.52.0.0, COMPILATION OF MODULE UART
OBJECT MODULE PLACED IN .\keilOut\UART.obj
COMPILER INVOKED BY: C:\Program Files\Keil\C51\BIN\C51.EXE src\UART.c OMF2 ROM(SMALL) OPTIMIZE(8,SPEED) BROWSE INCDIR(.\
                    -dependence;.\src) DEBUG PRINT(.\Listings\UART.lst) OBJECT(.\keilOut\UART.obj)

line level    source

   1          #include "8051.h"
   2          #include "interrupt_func.h"
   3          uchar UARTReceiveData = 0;
   4          
   5          // 初始化串口
   6          void UART_init()
   7          {
   8   1          TIM_1_init();       // 产生波特率
   9   1          SM0 = 0;
  10   1          SM1 = 1;
  11   1          ES = 1;             // 允许串口中断
  12   1          REN = 0;            // 不允许串口运行接收
  13   1          EA = 1;             // 允许总中断
  14   1      }
  15              
  16              
  17          // 串口发送数据
  18          void UART_send_data(unsigned char data_to_send)
  19          {
  20   1          SBUF = data_to_send;        // 将数据放入缓冲区
  21   1          while (!TI);                // 发送ing
  22   1          TI = 0;                     // 清空标志位
  23   1      }
  24          
  25          // 串口接收数据
  26          void UART_receive_data() interrupt (UART0_VECTOR)
  27          {
  28   1          if(RI)
  29   1              UARTReceiveData = SBUF;
  30   1          RI = 0;
  31   1      }
  32          


MODULE INFORMATION:   STATIC OVERLAYABLE
   CODE SIZE        =     32    ----
   CONSTANT SIZE    =   ----    ----
   XDATA SIZE       =   ----    ----
   PDATA SIZE       =   ----    ----
   DATA SIZE        =      1    ----
   IDATA SIZE       =   ----    ----
   BIT SIZE         =   ----    ----
   EDATA SIZE       =   ----    ----
   HDATA SIZE       =   ----    ----
   XDATA CONST SIZE =   ----    ----
   FAR CONST SIZE   =   ----    ----
END OF MODULE INFORMATION.


C51 COMPILATION COMPLETE.  0 WARNING(S),  0 ERROR(S)
